<?xml version="1.0" encoding="UTF-8"?>
<!-- Generated by org.testng.reporters.JUnitXMLReporter -->
<testsuite hostname="home-PC" ignored="1" name="Test(failed)(failed)" tests="1" failures="1" timestamp="25 Mar 2020 12:18:19 GMT" time="0.142" errors="0">
  <testcase name="login" time="0.015" classname="org.acc.Testng.Practice">
    <failure type="java.lang.NullPointerException">
      <![CDATA[java.lang.NullPointerException
at org.acc.Testng.Practice.login(Practice.java:41)
... Removed 25 stack frames]]>
    </failure>
  </testcase> <!-- login -->
  <testcase name="data" time="0.0" classname="org.acc.Testng.Practice">
    <ignored/>
  </testcase> <!-- data -->
</testsuite> <!-- Test(failed)(failed) -->
