<?xml version="1.0" encoding="UTF-8"?>
<!-- Generated by org.testng.reporters.JUnitXMLReporter -->
<testsuite hostname="home-PC" ignored="3" name="Test" tests="1" failures="1" timestamp="04 Apr 2020 07:53:37 GMT" time="0.854" errors="0">
  <testcase name="login" time="0.122" classname="org.acc.Testng.Practice2">
    <failure type="java.lang.NullPointerException">
      <![CDATA[java.lang.NullPointerException
at org.acc.Testng.Practice2.login(Practice2.java:25)
at java.util.concurrent.ThreadPoolExecutor.runWorker(ThreadPoolExecutor.java:1149)
at java.util.concurrent.ThreadPoolExecutor$Worker.run(ThreadPoolExecutor.java:624)
at java.lang.Thread.run(Thread.java:748)
... Removed 10 stack frames]]>
    </failure>
  </testcase> <!-- login -->
  <testcase name="login" time="0.0" classname="org.acc.Testng.Practice">
    <ignored/>
  </testcase> <!-- login -->
  <testcase name="data" time="0.0" classname="org.acc.Testng.Practice">
    <ignored/>
  </testcase> <!-- data -->
  <testcase name="faceBook" time="0.0" classname="org.acc.Testng.Practice2">
    <ignored/>
  </testcase> <!-- faceBook -->
</testsuite> <!-- Test -->
